<?xml version="1.0" encoding="UTF-8"?>
<coverage generated="1731221076291" clover="3.2.0">
  <project timestamp="1731221076291" name="All files">
    <metrics statements="61" coveredstatements="17" conditionals="22" coveredconditionals="11" methods="9" coveredmethods="1" elements="92" coveredelements="29" complexity="0" loc="61" ncloc="61" packages="1" files="1" classes="1"/>
    <file name="index.js" path="/Users/yuxin/Insync/zhuanyongxigua@gmail.com/OneDrive/Codes/algorithm/others/js/week04/sliding-window-maximum/index.js">
      <metrics statements="61" coveredstatements="17" conditionals="22" coveredconditionals="11" methods="9" coveredmethods="1"/>
      <line num="7" count="0" type="stmt"/>
      <line num="10" count="0" type="stmt"/>
      <line num="11" count="0" type="stmt"/>
      <line num="12" count="0" type="stmt"/>
      <line num="15" count="0" type="stmt"/>
      <line num="19" count="0" type="stmt"/>
      <line num="21" count="0" type="stmt"/>
      <line num="24" count="0" type="stmt"/>
      <line num="26" count="0" type="stmt"/>
      <line num="27" count="0" type="stmt"/>
      <line num="29" count="0" type="stmt"/>
      <line num="30" count="0" type="stmt"/>
      <line num="33" count="0" type="stmt"/>
      <line num="34" count="0" type="stmt"/>
      <line num="36" count="0" type="cond" truecount="0" falsecount="2"/>
      <line num="38" count="0" type="stmt"/>
      <line num="39" count="0" type="stmt"/>
      <line num="40" count="0" type="stmt"/>
      <line num="44" count="0" type="stmt"/>
      <line num="45" count="0" type="stmt"/>
      <line num="47" count="0" type="stmt"/>
      <line num="50" count="0" type="cond" truecount="0" falsecount="4"/>
      <line num="51" count="0" type="stmt"/>
      <line num="54" count="0" type="cond" truecount="0" falsecount="2"/>
      <line num="56" count="0" type="stmt"/>
      <line num="57" count="0" type="stmt"/>
      <line num="58" count="0" type="stmt"/>
      <line num="59" count="0" type="stmt"/>
      <line num="69" count="1" type="stmt"/>
      <line num="70" count="0" type="cond" truecount="0" falsecount="2"/>
      <line num="71" count="0" type="stmt"/>
      <line num="73" count="0" type="stmt"/>
      <line num="74" count="0" type="stmt"/>
      <line num="75" count="0" type="stmt"/>
      <line num="76" count="0" type="stmt"/>
      <line num="81" count="0" type="stmt"/>
      <line num="82" count="0" type="stmt"/>
      <line num="83" count="0" type="stmt"/>
      <line num="87" count="0" type="stmt"/>
      <line num="88" count="0" type="stmt"/>
      <line num="89" count="0" type="stmt"/>
      <line num="90" count="0" type="stmt"/>
      <line num="92" count="0" type="stmt"/>
      <line num="94" count="0" type="stmt"/>
      <line num="99" count="5" type="stmt"/>
      <line num="100" count="5" type="stmt"/>
      <line num="101" count="5" type="stmt"/>
      <line num="102" count="5" type="stmt"/>
      <line num="103" count="23" type="cond" truecount="2" falsecount="0"/>
      <line num="104" count="23" type="cond" truecount="2" falsecount="0"/>
      <line num="105" count="13" type="stmt"/>
      <line num="107" count="23" type="cond" truecount="2" falsecount="0"/>
      <line num="108" count="11" type="stmt"/>
      <line num="109" count="12" type="cond" truecount="1" falsecount="1"/>
      <line num="110" count="0" type="stmt"/>
      <line num="116" count="23" type="stmt"/>
      <line num="117" count="23" type="cond" truecount="2" falsecount="0"/>
      <line num="118" count="3" type="stmt"/>
      <line num="120" count="23" type="cond" truecount="2" falsecount="0"/>
      <line num="121" count="15" type="stmt"/>
      <line num="124" count="5" type="stmt"/>
    </file>
  </project>
</coverage>
