{"/Users/yuxin/Insync/zhuanyongxigua@gmail.com/OneDrive/Codes/algorithm/others/js/week04/sliding-window-maximum/index.js": {"path":"/Users/yuxin/Insync/zhuanyongxigua@gmail.com/OneDrive/Codes/algorithm/others/js/week04/sliding-window-maximum/index.js","statementMap":{"0":{"start":{"line":7,"column":4},"end":{"line":7,"column":19}},"1":{"start":{"line":10,"column":17},"end":{"line":10,"column":29}},"2":{"start":{"line":11,"column":4},"end":{"line":11,"column":32}},"3":{"start":{"line":12,"column":4},"end":{"line":12,"column":24}},"4":{"start":{"line":15,"column":4},"end":{"line":15,"column":34}},"5":{"start":{"line":19,"column":4},"end":{"line":19,"column":25}},"6":{"start":{"line":21,"column":4},"end":{"line":21,"column":41}},"7":{"start":{"line":24,"column":16},"end":{"line":24,"column":28}},"8":{"start":{"line":26,"column":4},"end":{"line":26,"column":39}},"9":{"start":{"line":27,"column":4},"end":{"line":27,"column":20}},"10":{"start":{"line":29,"column":4},"end":{"line":29,"column":24}},"11":{"start":{"line":30,"column":4},"end":{"line":30,"column":15}},"12":{"start":{"line":33,"column":4},"end":{"line":41,"column":5}},"13":{"start":{"line":34,"column":17},"end":{"line":34,"column":29}},"14":{"start":{"line":36,"column":6},"end":{"line":40,"column":19}},"15":{"start":{"line":38,"column":8},"end":{"line":38,"column":25}},"16":{"start":{"line":39,"column":8},"end":{"line":39,"column":15}},"17":{"start":{"line":40,"column":13},"end":{"line":40,"column":19}},"18":{"start":{"line":44,"column":16},"end":{"line":44,"column":25}},"19":{"start":{"line":45,"column":4},"end":{"line":60,"column":5}},"20":{"start":{"line":47,"column":25},"end":{"line":47,"column":34}},"21":{"start":{"line":50,"column":6},"end":{"line":52,"column":7}},"22":{"start":{"line":51,"column":8},"end":{"line":51,"column":27}},"23":{"start":{"line":54,"column":6},"end":{"line":59,"column":19}},"24":{"start":{"line":56,"column":8},"end":{"line":56,"column":28}},"25":{"start":{"line":57,"column":8},"end":{"line":57,"column":18}},"26":{"start":{"line":58,"column":8},"end":{"line":58,"column":26}},"27":{"start":{"line":59,"column":13},"end":{"line":59,"column":19}},"28":{"start":{"line":69,"column":25},"end":{"line":95,"column":1}},"29":{"start":{"line":70,"column":2},"end":{"line":72,"column":3}},"30":{"start":{"line":71,"column":4},"end":{"line":71,"column":16}},"31":{"start":{"line":73,"column":14},"end":{"line":73,"column":16}},"32":{"start":{"line":74,"column":15},"end":{"line":74,"column":34}},"33":{"start":{"line":75,"column":2},"end":{"line":80,"column":3}},"34":{"start":{"line":75,"column":15},"end":{"line":75,"column":16}},"35":{"start":{"line":76,"column":4},"end":{"line":79,"column":7}},"36":{"start":{"line":81,"column":2},"end":{"line":81,"column":29}},"37":{"start":{"line":82,"column":2},"end":{"line":93,"column":3}},"38":{"start":{"line":82,"column":15},"end":{"line":82,"column":16}},"39":{"start":{"line":83,"column":4},"end":{"line":86,"column":7}},"40":{"start":{"line":87,"column":17},"end":{"line":87,"column":29}},"41":{"start":{"line":88,"column":4},"end":{"line":91,"column":5}},"42":{"start":{"line":89,"column":6},"end":{"line":89,"column":17}},"43":{"start":{"line":90,"column":6},"end":{"line":90,"column":28}},"44":{"start":{"line":92,"column":4},"end":{"line":92,"column":25}},"45":{"start":{"line":94,"column":2},"end":{"line":94,"column":13}},"46":{"start":{"line":99,"column":16},"end":{"line":99,"column":18}},"47":{"start":{"line":100,"column":14},"end":{"line":100,"column":16}},"48":{"start":{"line":101,"column":14},"end":{"line":101,"column":15}},"49":{"start":{"line":102,"column":2},"end":{"line":123,"column":3}},"50":{"start":{"line":102,"column":15},"end":{"line":102,"column":16}},"51":{"start":{"line":103,"column":31},"end":{"line":103,"column":52}},"52":{"start":{"line":104,"column":4},"end":{"line":106,"column":5}},"53":{"start":{"line":105,"column":6},"end":{"line":105,"column":18}},"54":{"start":{"line":107,"column":4},"end":{"line":111,"column":5}},"55":{"start":{"line":108,"column":6},"end":{"line":108,"column":16}},"56":{"start":{"line":109,"column":11},"end":{"line":111,"column":5}},"57":{"start":{"line":110,"column":6},"end":{"line":110,"column":31}},"58":{"start":{"line":116,"column":4},"end":{"line":116,"column":29}},"59":{"start":{"line":117,"column":4},"end":{"line":119,"column":5}},"60":{"start":{"line":118,"column":6},"end":{"line":118,"column":14}},"61":{"start":{"line":120,"column":4},"end":{"line":122,"column":5}},"62":{"start":{"line":121,"column":6},"end":{"line":121,"column":32}},"63":{"start":{"line":124,"column":2},"end":{"line":124,"column":13}}},"fnMap":{"0":{"name":"(anonymous_0)","decl":{"start":{"line":4,"column":2},"end":{"line":4,"column":3}},"loc":{"start":{"line":4,"column":17},"end":{"line":8,"column":3}},"line":4},"1":{"name":"(anonymous_1)","decl":{"start":{"line":9,"column":2},"end":{"line":9,"column":3}},"loc":{"start":{"line":9,"column":13},"end":{"line":13,"column":3}},"line":9},"2":{"name":"(anonymous_2)","decl":{"start":{"line":14,"column":2},"end":{"line":14,"column":3}},"loc":{"start":{"line":14,"column":13},"end":{"line":16,"column":3}},"line":14},"3":{"name":"(anonymous_3)","decl":{"start":{"line":17,"column":2},"end":{"line":17,"column":3}},"loc":{"start":{"line":17,"column":14},"end":{"line":22,"column":3}},"line":17},"4":{"name":"(anonymous_4)","decl":{"start":{"line":23,"column":2},"end":{"line":23,"column":3}},"loc":{"start":{"line":23,"column":9},"end":{"line":31,"column":3}},"line":23},"5":{"name":"(anonymous_5)","decl":{"start":{"line":32,"column":2},"end":{"line":32,"column":3}},"loc":{"start":{"line":32,"column":16},"end":{"line":42,"column":3}},"line":32},"6":{"name":"(anonymous_6)","decl":{"start":{"line":43,"column":2},"end":{"line":43,"column":3}},"loc":{"start":{"line":43,"column":18},"end":{"line":61,"column":3}},"line":43},"7":{"name":"(anonymous_7)","decl":{"start":{"line":69,"column":25},"end":{"line":69,"column":26}},"loc":{"start":{"line":69,"column":44},"end":{"line":95,"column":1}},"line":69},"8":{"name":"maxSlidingWindow2","decl":{"start":{"line":98,"column":9},"end":{"line":98,"column":26}},"loc":{"start":{"line":98,"column":37},"end":{"line":125,"column":1}},"line":98}},"branchMap":{"0":{"loc":{"start":{"line":36,"column":6},"end":{"line":40,"column":19}},"type":"if","locations":[{"start":{"line":36,"column":6},"end":{"line":40,"column":19}},{"start":{"line":40,"column":13},"end":{"line":40,"column":19}}],"line":36},"1":{"loc":{"start":{"line":50,"column":6},"end":{"line":52,"column":7}},"type":"if","locations":[{"start":{"line":50,"column":6},"end":{"line":52,"column":7}},{"start":{},"end":{}}],"line":50},"2":{"loc":{"start":{"line":50,"column":10},"end":{"line":50,"column":91}},"type":"binary-expr","locations":[{"start":{"line":50,"column":10},"end":{"line":50,"column":39}},{"start":{"line":50,"column":43},"end":{"line":50,"column":91}}],"line":50},"3":{"loc":{"start":{"line":54,"column":6},"end":{"line":59,"column":19}},"type":"if","locations":[{"start":{"line":54,"column":6},"end":{"line":59,"column":19}},{"start":{"line":59,"column":13},"end":{"line":59,"column":19}}],"line":54},"4":{"loc":{"start":{"line":70,"column":2},"end":{"line":72,"column":3}},"type":"if","locations":[{"start":{"line":70,"column":2},"end":{"line":72,"column":3}},{"start":{},"end":{}}],"line":70},"5":{"loc":{"start":{"line":103,"column":31},"end":{"line":103,"column":52}},"type":"cond-expr","locations":[{"start":{"line":103,"column":39},"end":{"line":103,"column":40}},{"start":{"line":103,"column":43},"end":{"line":103,"column":52}}],"line":103},"6":{"loc":{"start":{"line":104,"column":11},"end":{"line":104,"column":64}},"type":"binary-expr","locations":[{"start":{"line":104,"column":11},"end":{"line":104,"column":23}},{"start":{"line":104,"column":27},"end":{"line":104,"column":64}}],"line":104},"7":{"loc":{"start":{"line":107,"column":4},"end":{"line":111,"column":5}},"type":"if","locations":[{"start":{"line":107,"column":4},"end":{"line":111,"column":5}},{"start":{"line":109,"column":11},"end":{"line":111,"column":5}}],"line":107},"8":{"loc":{"start":{"line":109,"column":11},"end":{"line":111,"column":5}},"type":"if","locations":[{"start":{"line":109,"column":11},"end":{"line":111,"column":5}},{"start":{},"end":{}}],"line":109},"9":{"loc":{"start":{"line":117,"column":11},"end":{"line":117,"column":63}},"type":"binary-expr","locations":[{"start":{"line":117,"column":11},"end":{"line":117,"column":23}},{"start":{"line":117,"column":27},"end":{"line":117,"column":63}}],"line":117},"10":{"loc":{"start":{"line":120,"column":4},"end":{"line":122,"column":5}},"type":"if","locations":[{"start":{"line":120,"column":4},"end":{"line":122,"column":5}},{"start":{},"end":{}}],"line":120}},"s":{"0":0,"1":0,"2":0,"3":0,"4":0,"5":0,"6":0,"7":0,"8":0,"9":0,"10":0,"11":0,"12":0,"13":0,"14":0,"15":0,"16":0,"17":0,"18":0,"19":0,"20":0,"21":0,"22":0,"23":0,"24":0,"25":0,"26":0,"27":0,"28":1,"29":0,"30":0,"31":0,"32":0,"33":0,"34":0,"35":0,"36":0,"37":0,"38":0,"39":0,"40":0,"41":0,"42":0,"43":0,"44":0,"45":0,"46":5,"47":5,"48":5,"49":5,"50":5,"51":23,"52":23,"53":13,"54":23,"55":11,"56":12,"57":0,"58":23,"59":23,"60":3,"61":23,"62":15,"63":5},"f":{"0":0,"1":0,"2":0,"3":0,"4":0,"5":0,"6":0,"7":0,"8":5},"b":{"0":[0,0],"1":[0,0],"2":[0,0],"3":[0,0],"4":[0,0],"5":[13,10],"6":[36,25],"7":[11,12],"8":[0,12],"9":[26,26],"10":[15,8]},"_coverageSchema":"1a1c01bbd47fc00a2c39e90264f33305004495a9","hash":"e632e3547a8bea33c1dbb9bc9b8cdffce95019ec"}
}
