{"/Users/yuxin/Insync/zhuanyongxigua@gmail.com/OneDrive/Codes/algorithm/others/js/utils/index.js": {"path":"/Users/yuxin/Insync/zhuanyongxigua@gmail.com/OneDrive/Codes/algorithm/others/js/utils/index.js","statementMap":{"0":{"start":{"line":3,"column":4},"end":{"line":3,"column":23}},"1":{"start":{"line":4,"column":4},"end":{"line":4,"column":21}},"2":{"start":{"line":10,"column":13},"end":{"line":10,"column":17}},"3":{"start":{"line":10,"column":26},"end":{"line":10,"column":30}},"4":{"start":{"line":11,"column":2},"end":{"line":14,"column":3}},"5":{"start":{"line":12,"column":4},"end":{"line":12,"column":35}},"6":{"start":{"line":13,"column":4},"end":{"line":13,"column":16}},"7":{"start":{"line":15,"column":2},"end":{"line":15,"column":14}},"8":{"start":{"line":20,"column":14},"end":{"line":20,"column":16}},"9":{"start":{"line":21,"column":16},"end":{"line":21,"column":20}},"10":{"start":{"line":22,"column":2},"end":{"line":25,"column":3}},"11":{"start":{"line":23,"column":4},"end":{"line":23,"column":28}},"12":{"start":{"line":24,"column":4},"end":{"line":24,"column":27}},"13":{"start":{"line":26,"column":2},"end":{"line":26,"column":13}}},"fnMap":{"0":{"name":"(anonymous_0)","decl":{"start":{"line":2,"column":2},"end":{"line":2,"column":3}},"loc":{"start":{"line":2,"column":38},"end":{"line":5,"column":3}},"line":2},"1":{"name":"arrayToLinkedList","decl":{"start":{"line":9,"column":16},"end":{"line":9,"column":33}},"loc":{"start":{"line":9,"column":39},"end":{"line":16,"column":1}},"line":9},"2":{"name":"linkedListToArray","decl":{"start":{"line":19,"column":16},"end":{"line":19,"column":33}},"loc":{"start":{"line":19,"column":40},"end":{"line":27,"column":1}},"line":19}},"branchMap":{"0":{"loc":{"start":{"line":2,"column":14},"end":{"line":2,"column":23}},"type":"default-arg","locations":[{"start":{"line":2,"column":22},"end":{"line":2,"column":23}}],"line":2},"1":{"loc":{"start":{"line":2,"column":25},"end":{"line":2,"column":36}},"type":"default-arg","locations":[{"start":{"line":2,"column":32},"end":{"line":2,"column":36}}],"line":2}},"s":{"0":17,"1":17,"2":4,"3":4,"4":4,"5":17,"6":17,"7":4,"8":4,"9":4,"10":4,"11":17,"12":17,"13":4},"f":{"0":17,"1":4,"2":4},"b":{"0":[0],"1":[0]},"_coverageSchema":"1a1c01bbd47fc00a2c39e90264f33305004495a9","hash":"2842dbfaf6134d5c733ede497e1864d0e5687aef"}
,"/Users/yuxin/Insync/zhuanyongxigua@gmail.com/OneDrive/Codes/algorithm/others/js/week01/reverse-nodes-in-k-group/index.js": {"path":"/Users/yuxin/Insync/zhuanyongxigua@gmail.com/OneDrive/Codes/algorithm/others/js/week01/reverse-nodes-in-k-group/index.js","statementMap":{"0":{"start":{"line":13,"column":21},"end":{"line":13,"column":25}},"1":{"start":{"line":14,"column":2},"end":{"line":14,"column":18}},"2":{"start":{"line":15,"column":2},"end":{"line":15,"column":13}},"3":{"start":{"line":16,"column":2},"end":{"line":21,"column":3}},"4":{"start":{"line":17,"column":19},"end":{"line":17,"column":28}},"5":{"start":{"line":18,"column":4},"end":{"line":18,"column":20}},"6":{"start":{"line":19,"column":4},"end":{"line":19,"column":15}},"7":{"start":{"line":20,"column":4},"end":{"line":20,"column":19}},"8":{"start":{"line":22,"column":2},"end":{"line":22,"column":24}},"9":{"start":{"line":23,"column":2},"end":{"line":23,"column":27}},"10":{"start":{"line":31,"column":20},"end":{"line":66,"column":1}},"11":{"start":{"line":33,"column":2},"end":{"line":38,"column":15}},"12":{"start":{"line":38,"column":4},"end":{"line":38,"column":15}},"13":{"start":{"line":39,"column":24},"end":{"line":42,"column":3}},"14":{"start":{"line":44,"column":12},"end":{"line":44,"column":13}},"15":{"start":{"line":45,"column":18},"end":{"line":45,"column":22}},"16":{"start":{"line":46,"column":18},"end":{"line":46,"column":31}},"17":{"start":{"line":47,"column":17},"end":{"line":47,"column":26}},"18":{"start":{"line":48,"column":2},"end":{"line":61,"column":3}},"19":{"start":{"line":49,"column":4},"end":{"line":60,"column":5}},"20":{"start":{"line":50,"column":6},"end":{"line":50,"column":11}},"21":{"start":{"line":51,"column":6},"end":{"line":51,"column":32}},"22":{"start":{"line":53,"column":28},"end":{"line":53,"column":42}},"23":{"start":{"line":54,"column":39},"end":{"line":54,"column":73}},"24":{"start":{"line":55,"column":6},"end":{"line":55,"column":31}},"25":{"start":{"line":56,"column":6},"end":{"line":56,"column":31}},"26":{"start":{"line":57,"column":6},"end":{"line":57,"column":32}},"27":{"start":{"line":58,"column":6},"end":{"line":58,"column":27}},"28":{"start":{"line":59,"column":6},"end":{"line":59,"column":13}},"29":{"start":{"line":62,"column":2},"end":{"line":64,"column":3}},"30":{"start":{"line":63,"column":4},"end":{"line":63,"column":29}},"31":{"start":{"line":65,"column":2},"end":{"line":65,"column":27}}},"fnMap":{"0":{"name":"reverseGroup","decl":{"start":{"line":12,"column":9},"end":{"line":12,"column":21}},"loc":{"start":{"line":12,"column":35},"end":{"line":24,"column":1}},"line":12},"1":{"name":"(anonymous_1)","decl":{"start":{"line":31,"column":20},"end":{"line":31,"column":21}},"loc":{"start":{"line":31,"column":38},"end":{"line":66,"column":1}},"line":31}},"branchMap":{"0":{"loc":{"start":{"line":33,"column":2},"end":{"line":38,"column":15}},"type":"if","locations":[{"start":{"line":33,"column":2},"end":{"line":38,"column":15}},{"start":{},"end":{}}],"line":33},"1":{"loc":{"start":{"line":34,"column":4},"end":{"line":37,"column":14}},"type":"binary-expr","locations":[{"start":{"line":34,"column":4},"end":{"line":34,"column":17}},{"start":{"line":35,"column":7},"end":{"line":35,"column":25}},{"start":{"line":36,"column":7},"end":{"line":36,"column":14}},{"start":{"line":37,"column":7},"end":{"line":37,"column":14}}],"line":34},"2":{"loc":{"start":{"line":49,"column":4},"end":{"line":60,"column":5}},"type":"if","locations":[{"start":{"line":49,"column":4},"end":{"line":60,"column":5}},{"start":{"line":52,"column":11},"end":{"line":60,"column":5}}],"line":49},"3":{"loc":{"start":{"line":62,"column":2},"end":{"line":64,"column":3}},"type":"if","locations":[{"start":{"line":62,"column":2},"end":{"line":64,"column":3}},{"start":{},"end":{}}],"line":62}},"s":{"0":4,"1":4,"2":4,"3":4,"4":9,"5":9,"6":9,"7":9,"8":4,"9":4,"10":1,"11":4,"12":1,"13":3,"14":3,"15":3,"16":3,"17":3,"18":3,"19":15,"20":11,"21":11,"22":4,"23":4,"24":4,"25":4,"26":4,"27":4,"28":4,"29":3,"30":3,"31":3},"f":{"0":4,"1":4},"b":{"0":[1,3],"1":[4,4,4,4],"2":[11,4],"3":[3,0]},"_coverageSchema":"1a1c01bbd47fc00a2c39e90264f33305004495a9","hash":"6e5bf21e818ced979e8fb38cc69ffa28e5a8eeab"}
}
