TN:
SF:week04/sliding-window-maximum/index.js
FN:4,(anonymous_0)
FN:9,(anonymous_1)
FN:14,(anonymous_2)
FN:17,(anonymous_3)
FN:23,(anonymous_4)
FN:32,(anonymous_5)
FN:43,(anonymous_6)
FN:69,(anonymous_7)
FN:98,maxSlidingWindow2
FNF:9
FNH:1
FNDA:0,(anonymous_0)
FNDA:0,(anonymous_1)
FNDA:0,(anonymous_2)
FNDA:0,(anonymous_3)
FNDA:0,(anonymous_4)
FNDA:0,(anonymous_5)
FNDA:0,(anonymous_6)
FNDA:0,(anonymous_7)
FNDA:5,maxSlidingWindow2
DA:7,0
DA:10,0
DA:11,0
DA:12,0
DA:15,0
DA:19,0
DA:21,0
DA:24,0
DA:26,0
DA:27,0
DA:29,0
DA:30,0
DA:33,0
DA:34,0
DA:36,0
DA:38,0
DA:39,0
DA:40,0
DA:44,0
DA:45,0
DA:47,0
DA:50,0
DA:51,0
DA:54,0
DA:56,0
DA:57,0
DA:58,0
DA:59,0
DA:69,1
DA:70,0
DA:71,0
DA:73,0
DA:74,0
DA:75,0
DA:76,0
DA:81,0
DA:82,0
DA:83,0
DA:87,0
DA:88,0
DA:89,0
DA:90,0
DA:92,0
DA:94,0
DA:99,5
DA:100,5
DA:101,5
DA:102,5
DA:103,23
DA:104,23
DA:105,13
DA:107,23
DA:108,11
DA:109,12
DA:110,0
DA:116,23
DA:117,23
DA:118,3
DA:120,23
DA:121,15
DA:124,5
LF:61
LH:17
BRDA:36,0,0,0
BRDA:36,0,1,0
BRDA:50,1,0,0
BRDA:50,1,1,0
BRDA:50,2,0,0
BRDA:50,2,1,0
BRDA:54,3,0,0
BRDA:54,3,1,0
BRDA:70,4,0,0
BRDA:70,4,1,0
BRDA:103,5,0,13
BRDA:103,5,1,10
BRDA:104,6,0,36
BRDA:104,6,1,25
BRDA:107,7,0,11
BRDA:107,7,1,12
BRDA:109,8,0,0
BRDA:109,8,1,12
BRDA:117,9,0,26
BRDA:117,9,1,26
BRDA:120,10,0,15
BRDA:120,10,1,8
BRF:22
BRH:11
end_of_record
