TN:
SF:utils/index.js
FN:2,(anonymous_0)
FN:9,arrayToLinkedList
FN:19,linkedListToArray
FNF:3
FNH:3
FNDA:17,(anonymous_0)
FNDA:4,arrayToLinkedList
FNDA:4,linkedListToArray
DA:3,17
DA:4,17
DA:10,4
DA:11,4
DA:12,17
DA:13,17
DA:15,4
DA:20,4
DA:21,4
DA:22,4
DA:23,17
DA:24,17
DA:26,4
LF:13
LH:13
BRDA:2,0,0,0
BRDA:2,1,0,0
BRF:2
BRH:0
end_of_record
TN:
SF:week01/reverse-nodes-in-k-group/index.js
FN:12,reverseGroup
FN:31,(anonymous_1)
FNF:2
FNH:2
FNDA:4,reverseGroup
FNDA:4,(anonymous_1)
DA:13,4
DA:14,4
DA:15,4
DA:16,4
DA:17,9
DA:18,9
DA:19,9
DA:20,9
DA:22,4
DA:23,4
DA:31,1
DA:33,4
DA:38,1
DA:39,3
DA:44,3
DA:45,3
DA:46,3
DA:47,3
DA:48,3
DA:49,15
DA:50,11
DA:51,11
DA:53,4
DA:54,4
DA:55,4
DA:56,4
DA:57,4
DA:58,4
DA:59,4
DA:62,3
DA:63,3
DA:65,3
LF:32
LH:32
BRDA:33,0,0,1
BRDA:33,0,1,3
BRDA:34,1,0,4
BRDA:34,1,1,4
BRDA:34,1,2,4
BRDA:34,1,3,4
BRDA:49,2,0,11
BRDA:49,2,1,4
BRDA:62,3,0,3
BRDA:62,3,1,0
BRF:10
BRH:9
end_of_record
